<?xml version="1.0" encoding="UTF-8"?>
<!-- Generated by org.testng.reporters.JUnitReportReporter -->
<testsuite hostname="IN-B70QVP3" failures="0" tests="4" name="TestRunnerFile.ApiDemos.AppRunner" time="124.561" errors="0" timestamp="08 Feb 2023 09:29:08 GMT" skipped="0">
  <testcase classname="TestRunnerFile.ApiDemos.AppRunner" name="feature" time="16.447"/>
  <testcase classname="TestRunnerFile.ApiDemos.AppRunner" name="feature" time="51.223"/>
  <testcase classname="TestRunnerFile.ApiDemos.AppRunner" name="feature" time="25.152"/>
  <testcase classname="TestRunnerFile.ApiDemos.AppRunner" name="feature" time="31.739"/>
</testsuite> <!-- TestRunnerFile.ApiDemos.AppRunner -->
